<?xml version="1.0" encoding="UTF-8"?>
<!-- Generated by org.testng.reporters.JUnitReportReporter -->
<testsuite skipped="1" hostname="SC-202012051647" name="com.yoyotesting.startwithonebrowser.OpenWebsiteTestNG2" tests="1" failures="0" timestamp="2021-09-12T19:52:04 CST" time="0.001" errors="0">
  <testcase name="openWebSite2" time="0.001" classname="com.yoyotesting.startwithonebrowser.OpenWebsiteTestNG2">
    <skipped/>
  </testcase> <!-- openWebSite2 -->
</testsuite> <!-- com.yoyotesting.startwithonebrowser.OpenWebsiteTestNG2 -->
