<?xml version="1.0" encoding="UTF-8"?>
<!-- Generated by org.testng.reporters.JUnitReportReporter -->
<testsuite skipped="0" hostname="USERCHI-66SNOKV" name="com.yoyotesting.selenium3maven.TestAnotationClass" tests="2" failures="0" timestamp="06 五月 2018 08:15:57 GMT" time="0.010" errors="0">
  <testcase name="testMethod2" time="0.003" classname="com.yoyotesting.selenium3maven.TestAnotationClass"/>
  <testcase name="testMethod1" time="0.007" classname="com.yoyotesting.selenium3maven.TestAnotationClass"/>
</testsuite> <!-- com.yoyotesting.selenium3maven.TestAnotationClass -->
