<?xml version="1.0" encoding="UTF-8"?>
<!-- Generated by org.testng.reporters.JUnitReportReporter -->
<testsuite skipped="0" hostname="USERCHI-66SNOKV" name="com.yoyotesting.selenium3maven.TestAnotationSuite" tests="1" failures="0" timestamp="06 五月 2018 08:15:57 GMT" time="0.003" errors="0">
  <testcase name="testMethod3" time="0.003" classname="com.yoyotesting.selenium3maven.TestAnotationSuite"/>
</testsuite> <!-- com.yoyotesting.selenium3maven.TestAnotationSuite -->
