<?xml version="1.0" encoding="UTF-8"?>
<!-- Generated by org.testng.reporters.JUnitReportReporter -->
<testsuite skipped="0" hostname="USERCHI-66SNOKV" name="com.yoyotesting.startwithonebrowser.LoginAndLogoutTestNGAssertion" tests="1" failures="0" timestamp="09 五月 2018 04:21:29 GMT" time="18.146" errors="0">
  <testcase name="loginAndLogout" time="18.146" classname="com.yoyotesting.startwithonebrowser.LoginAndLogoutTestNGAssertion"/>
</testsuite> <!-- com.yoyotesting.startwithonebrowser.LoginAndLogoutTestNGAssertion -->
