<?xml version="1.0" encoding="UTF-8"?>
<!-- Generated by org.testng.reporters.JUnitReportReporter -->
<testsuite skipped="0" hostname="SC-202012051647" name="com.testing.selenium3maven.LoginAndLogoutTestNG" tests="1" failures="0" timestamp="2021-09-12T20:12:13 CST" time="16.729" errors="0">
  <testcase name="loginAndLogout" time="16.729" classname="com.testing.selenium3maven.LoginAndLogoutTestNG"/>
</testsuite> <!-- com.testing.selenium3maven.LoginAndLogoutTestNG -->
