<?xml version="1.0" encoding="UTF-8"?>
<!-- Generated by org.testng.reporters.JUnitReportReporter -->
<testsuite skipped="1" hostname="SC-202012051647" name="com.yoyotesting.startwithonebrowser.LoginAndLogoutTestNG" tests="1" failures="0" timestamp="2021-09-12T19:52:04 CST" time="0.000" errors="0">
  <testcase name="loginAndLogout" time="0.000" classname="com.yoyotesting.startwithonebrowser.LoginAndLogoutTestNG">
    <skipped/>
  </testcase> <!-- loginAndLogout -->
</testsuite> <!-- com.yoyotesting.startwithonebrowser.LoginAndLogoutTestNG -->
