<?xml version="1.0" encoding="UTF-8"?>
<!-- Generated by org.testng.reporters.JUnitReportReporter -->
<testsuite skipped="2" hostname="SC-202012051647" name="com.yoyotesting.startwithonebrowser.OpenWebsiteTestNG" tests="2" failures="0" timestamp="2021-09-12T19:52:04 CST" time="0.000" errors="0">
  <testcase name="openWebSite" time="0.000" classname="com.yoyotesting.startwithonebrowser.OpenWebsiteTestNG">
    <skipped/>
  </testcase> <!-- openWebSite -->
  <testcase name="openWebSite" time="0.000" classname="com.yoyotesting.startwithonebrowser.OpenWebsiteTestNG">
    <skipped/>
  </testcase> <!-- openWebSite -->
</testsuite> <!-- com.yoyotesting.startwithonebrowser.OpenWebsiteTestNG -->
