<?xml version="1.0" encoding="UTF-8"?>
<!-- Generated by org.testng.reporters.JUnitReportReporter -->
<testsuite skipped="0" hostname="USERCHI-66SNOKV" name="com.yoyotesting.selenium3maven.TestAnotationClass1" tests="4" failures="0" timestamp="05 五月 2018 01:12:15 GMT" time="0.007" errors="0">
  <testcase name="testMethod1" time="0.001" classname="com.yoyotesting.selenium3maven.TestAnotationClass1"/>
  <testcase name="testMethod2" time="0.002" classname="com.yoyotesting.selenium3maven.TestAnotationClass1"/>
  <testcase name="testMethod2" time="0.002" classname="com.yoyotesting.selenium3maven.TestAnotationClass1"/>
  <testcase name="testMethod1" time="0.002" classname="com.yoyotesting.selenium3maven.TestAnotationClass1"/>
</testsuite> <!-- com.yoyotesting.selenium3maven.TestAnotationClass1 -->
