<?xml version="1.0" encoding="UTF-8"?>
<!-- Generated by org.testng.reporters.JUnitReportReporter -->
<testsuite skipped="0" hostname="USERCHI-66SNOKV" name="com.yoyotesting.startwithonebrowser.OpenWebsiteTestNG" tests="2" failures="0" timestamp="20 五月 2018 14:01:25 GMT" time="11.302" errors="0">
  <testcase name="openWebSite" time="4.219" classname="com.yoyotesting.startwithonebrowser.OpenWebsiteTestNG"/>
  <testcase name="openWebSite" time="7.083" classname="com.yoyotesting.startwithonebrowser.OpenWebsiteTestNG"/>
</testsuite> <!-- com.yoyotesting.startwithonebrowser.OpenWebsiteTestNG -->
