<?xml version="1.0" encoding="UTF-8"?>
<!-- Generated by org.testng.reporters.JUnitReportReporter -->
<testsuite skipped="0" hostname="USERCHI-66SNOKV" name="com.yoyotesting.startwithonebrowser.OpenWebsiteTestNG2" tests="1" failures="0" timestamp="20 五月 2018 14:01:25 GMT" time="7.009" errors="0">
  <testcase name="openWebSite2" time="7.009" classname="com.yoyotesting.startwithonebrowser.OpenWebsiteTestNG2"/>
</testsuite> <!-- com.yoyotesting.startwithonebrowser.OpenWebsiteTestNG2 -->
